Date: Sun, 02 Feb 2020 15:20:44 GMT, Level: info, Message: 3000
Date: Sun, 02 Feb 2020 15:20:44 GMT, Level: info, Message: Connected to database vidly...
Date: Sun, 02 Feb 2020 15:20:46 GMT, Level: info, Message: 3000
Date: Sun, 02 Feb 2020 15:20:46 GMT, Level: info, Message: Connected to database vidly...
Date: Sun, 02 Feb 2020 15:20:55 GMT, Level: info, Message: 3000
Date: Sun, 02 Feb 2020 15:20:55 GMT, Level: info, Message: Connected to database vidly...
error: Invalide email {"obj":{"email":"eemail.jan.pk@gmail.com","password":"emilJan123?"}}
Date: Sun, 02 Feb 2020 15:21:05 GMT, Level: error, Message: Invalide email
Date: Sun, 02 Feb 2020 15:21:48 GMT, Level: info, Message: 3000
Date: Sun, 02 Feb 2020 15:21:49 GMT, Level: info, Message: Connected to database vidly...
Date: Sun, 02 Feb 2020 15:21:50 GMT, Level: info, Message: 3000
Date: Sun, 02 Feb 2020 15:21:50 GMT, Level: info, Message: Connected to database vidly...
error:  {"obj":{}}
Date: Sun, 02 Feb 2020 15:21:52 GMT, Level: error, Message: 
Date: Sun, 02 Feb 2020 15:22:17 GMT, Level: info, Message: 3000
Date: Sun, 02 Feb 2020 15:22:17 GMT, Level: info, Message: Connected to database vidly...
Date: Sun, 02 Feb 2020 15:22:34 GMT, Level: info, Message: 3000
Date: Sun, 02 Feb 2020 15:22:34 GMT, Level: info, Message: Connected to database vidly...
Date: Sun, 02 Feb 2020 15:22:38 GMT, Level: info, Message: 3000
Date: Sun, 02 Feb 2020 15:22:38 GMT, Level: info, Message: Connected to database vidly...
Date: Sun, 02 Feb 2020 15:22:41 GMT, Level: info, Message: 3000
Date: Sun, 02 Feb 2020 15:22:41 GMT, Level: info, Message: Connected to database vidly...
Date: Sun, 02 Feb 2020 15:23:01 GMT, Level: info, Message: 3000
Date: Sun, 02 Feb 2020 15:23:01 GMT, Level: info, Message: Connected to database vidly...
Date: Sun, 02 Feb 2020 15:23:04 GMT, Level: info, Message: 3000
Date: Sun, 02 Feb 2020 15:23:04 GMT, Level: info, Message: Connected to database vidly...
Date: Sun, 02 Feb 2020 15:23:09 GMT, Level: info, Message: 3000
Date: Sun, 02 Feb 2020 15:23:09 GMT, Level: info, Message: Connected to database vidly...
Date: Sun, 02 Feb 2020 15:23:11 GMT, Level: info, Message: 3000
Date: Sun, 02 Feb 2020 15:23:11 GMT, Level: info, Message: Connected to database vidly...
Date: Sun, 02 Feb 2020 15:24:16 GMT, Level: info, Message: 3000
Date: Sun, 02 Feb 2020 15:24:16 GMT, Level: info, Message: Connected to database vidly...
Date: Sun, 02 Feb 2020 15:24:20 GMT, Level: info, Message: 3000
Date: Sun, 02 Feb 2020 15:24:20 GMT, Level: info, Message: Connected to database vidly...
Date: Sun, 02 Feb 2020 15:24:22 GMT, Level: info, Message: 3000
Date: Sun, 02 Feb 2020 15:24:22 GMT, Level: info, Message: Connected to database vidly...
Date: Sun, 02 Feb 2020 15:24:24 GMT, Level: info, Message: 3000
Date: Sun, 02 Feb 2020 15:24:24 GMT, Level: info, Message: Connected to database vidly...
error: Invalid email {"obj":{"email":"eemail.jan.pk@gmail.com","password":"emilJan123?"}}
Date: Sun, 02 Feb 2020 15:24:31 GMT, Level: error, Message: Invalid email
Date: Sun, 02 Feb 2020 15:26:11 GMT, Level: info, Message: 3000
Date: Sun, 02 Feb 2020 15:26:11 GMT, Level: info, Message: Connected to database vidly...
Date: Sun, 02 Feb 2020 15:26:17 GMT, Level: info, Message: 3000
Date: Sun, 02 Feb 2020 15:26:17 GMT, Level: info, Message: Connected to database vidly...
Date: Sun, 02 Feb 2020 15:27:22 GMT, Level: info, Message: 3000
Date: Sun, 02 Feb 2020 15:27:22 GMT, Level: info, Message: Connected to database vidly...
Date: Sun, 02 Feb 2020 15:27:27 GMT, Level: info, Message: 3000
Date: Sun, 02 Feb 2020 15:27:27 GMT, Level: info, Message: Connected to database vidly...
Date: Sun, 02 Feb 2020 15:27:31 GMT, Level: info, Message: 3000
Date: Sun, 02 Feb 2020 15:27:31 GMT, Level: info, Message: Connected to database vidly...
Date: Sun, 02 Feb 2020 15:27:32 GMT, Level: info, Message: 3000
Date: Sun, 02 Feb 2020 15:27:32 GMT, Level: info, Message: Connected to database vidly...
error: Invalid email {"obj":{"email":"eemail.jan.pk@gmail.com","password":"emilJan123?"}}
Date: Sun, 02 Feb 2020 15:27:36 GMT, Level: error, Message: Invalid email
error: Invalid email {"obj":{"email":"eemail.jan.pk@gmail.com","password":"emilJan123?"}}
Date: Sun, 02 Feb 2020 15:27:56 GMT, Level: error, Message: Invalid email
Date: Sun, 02 Feb 2020 15:28:13 GMT, Level: info, Message: 3000
Date: Sun, 02 Feb 2020 15:28:13 GMT, Level: info, Message: Connected to database vidly...
Date: Sun, 02 Feb 2020 15:28:16 GMT, Level: info, Message: 3000
Date: Sun, 02 Feb 2020 15:28:16 GMT, Level: info, Message: Connected to database vidly...
error: Invalid email {"obj":{"email":"eemail.jan.pk@gmail.com","password":"emilJan123?"}}
Date: Sun, 02 Feb 2020 15:28:18 GMT, Level: error, Message: Invalid email
Date: Sun, 02 Feb 2020 15:29:45 GMT, Level: info, Message: 3000
Date: Sun, 02 Feb 2020 15:29:45 GMT, Level: info, Message: Connected to database vidly...
Date: Sun, 02 Feb 2020 15:30:03 GMT, Level: info, Message: 3000
Date: Sun, 02 Feb 2020 15:30:03 GMT, Level: info, Message: Connected to database vidly...
Date: Sun, 02 Feb 2020 15:30:04 GMT, Level: info, Message: 3000
Date: Sun, 02 Feb 2020 15:30:04 GMT, Level: info, Message: Connected to database vidly...
Date: Sun, 02 Feb 2020 15:31:38 GMT, Level: info, Message: 3000
Date: Sun, 02 Feb 2020 15:31:38 GMT, Level: info, Message: Connected to database vidly...
